<?xml version="1.0" encoding="UTF-8"?>
<!-- Generated by org.testng.reporters.JUnitXMLReporter -->
<testsuite ignored="4" hostname="DESKTOP-NKNCMNI" failures="0" tests="3" name="Test" time="204.996" errors="0" timestamp="2022-12-21T01:45:55 BDT">
  <testcase classname="tests.bookOder" name="bookOrder" time="76.43"/>
  <testcase classname="tests.addresstAndInformationFillUp" name="information" time="37.764"/>
  <testcase classname="tests.bookSelectScroll" name="bookOrder" time="76.867"/>
  <testcase classname="Drivers.BaseDriver" name="@AfterSuite close" time="0.0">
    <ignored/>
  </testcase> <!-- @AfterSuite close -->
  <testcase classname="Drivers.BaseDriver" name="@BeforeSuite start" time="0.0">
    <ignored/>
  </testcase> <!-- @BeforeSuite start -->
  <testcase classname="Drivers.BaseDriver" name="@AfterSuite close" time="0.0">
    <ignored/>
  </testcase> <!-- @AfterSuite close -->
  <testcase classname="Drivers.BaseDriver" name="@BeforeSuite start" time="0.0">
    <ignored/>
  </testcase> <!-- @BeforeSuite start -->
</testsuite> <!-- Test -->
