<?xml version="1.0" encoding="UTF-8"?>
<testng-results ignored="4" total="7" passed="3" failed="0" skipped="0">
  <reporter-output>
  </reporter-output>
  <suite started-at="2022-12-21T01:42:30 BDT" name="Suite" finished-at="2022-12-21T01:45:55 BDT" duration-ms="204996">
    <groups>
    </groups>
    <test started-at="2022-12-21T01:42:30 BDT" name="Test" finished-at="2022-12-21T01:45:55 BDT" duration-ms="204996">
      <class name="tests.addresstAndInformationFillUp">
        <test-method is-config="true" signature="startUrl()[pri:0, instance:tests.addresstAndInformationFillUp@3b35a229]" started-at="2022-12-21T01:43:55 BDT" name="startUrl" finished-at="2022-12-21T01:43:55 BDT" duration-ms="22" status="PASS">
          <reporter-output>
          </reporter-output>
        </test-method> <!-- startUrl -->
        <test-method signature="information()[pri:0, instance:tests.addresstAndInformationFillUp@3b35a229]" started-at="2022-12-21T01:43:55 BDT" name="information" finished-at="2022-12-21T01:44:33 BDT" duration-ms="37764" status="PASS">
          <reporter-output>
          </reporter-output>
        </test-method> <!-- information -->
        <test-method is-config="true" signature="afterClass()[pri:0, instance:tests.addresstAndInformationFillUp@3b35a229]" started-at="2022-12-21T01:44:33 BDT" name="afterClass" finished-at="2022-12-21T01:44:33 BDT" duration-ms="248" status="PASS">
          <reporter-output>
          </reporter-output>
        </test-method> <!-- afterClass -->
      </class> <!-- tests.addresstAndInformationFillUp -->
      <class name="tests.bookOder">
        <test-method is-config="true" signature="start()[pri:0, instance:tests.bookOder@1c9b0314]" started-at="2022-12-21T01:42:20 BDT" name="start" finished-at="2022-12-21T01:42:30 BDT" duration-ms="10530" status="PASS">
          <reporter-output>
          </reporter-output>
        </test-method> <!-- start -->
        <test-method is-config="true" signature="startUrl()[pri:0, instance:tests.bookOder@1c9b0314]" started-at="2022-12-21T01:42:30 BDT" name="startUrl" finished-at="2022-12-21T01:42:38 BDT" duration-ms="7680" status="PASS">
          <reporter-output>
          </reporter-output>
        </test-method> <!-- startUrl -->
        <test-method signature="bookOrder()[pri:0, instance:tests.bookOder@1c9b0314]" started-at="2022-12-21T01:42:38 BDT" name="bookOrder" finished-at="2022-12-21T01:43:54 BDT" duration-ms="76430" status="PASS">
          <reporter-output>
          </reporter-output>
        </test-method> <!-- bookOrder -->
        <test-method is-config="true" signature="afterClass()[pri:0, instance:tests.bookOder@1c9b0314]" started-at="2022-12-21T01:43:54 BDT" name="afterClass" finished-at="2022-12-21T01:43:55 BDT" duration-ms="942" status="PASS">
          <reporter-output>
          </reporter-output>
        </test-method> <!-- afterClass -->
        <test-method is-config="true" signature="close()[pri:0, instance:tests.bookOder@1c9b0314]" started-at="2022-12-21T01:45:55 BDT" name="close" finished-at="2022-12-21T01:45:56 BDT" duration-ms="781" status="PASS">
          <reporter-output>
          </reporter-output>
        </test-method> <!-- close -->
      </class> <!-- tests.bookOder -->
      <class name="tests.bookSelectScroll">
        <test-method is-config="true" signature="startUrl()[pri:0, instance:tests.bookSelectScroll@9816741]" started-at="2022-12-21T01:44:33 BDT" name="startUrl" finished-at="2022-12-21T01:44:38 BDT" duration-ms="4333" status="PASS">
          <reporter-output>
          </reporter-output>
        </test-method> <!-- startUrl -->
        <test-method signature="bookOrder()[pri:0, instance:tests.bookSelectScroll@9816741]" started-at="2022-12-21T01:44:38 BDT" name="bookOrder" finished-at="2022-12-21T01:45:54 BDT" duration-ms="76867" status="PASS">
          <reporter-output>
          </reporter-output>
        </test-method> <!-- bookOrder -->
        <test-method is-config="true" signature="afterClass()[pri:0, instance:tests.bookSelectScroll@9816741]" started-at="2022-12-21T01:45:55 BDT" name="afterClass" finished-at="2022-12-21T01:45:55 BDT" duration-ms="573" status="PASS">
          <reporter-output>
          </reporter-output>
        </test-method> <!-- afterClass -->
      </class> <!-- tests.bookSelectScroll -->
    </test> <!-- Test -->
  </suite> <!-- Suite -->
</testng-results>
